<?xml version="1.0" encoding="UTF-8"?>
<testng-results ignored="0" total="1" passed="1" failed="0" skipped="0">
  <reporter-output>
  </reporter-output>
  <suite started-at="2024-05-06T15:52:57 JST" name="Default suite" finished-at="2024-05-06T15:53:03 JST" duration-ms="6288">
    <groups>
    </groups>
    <test started-at="2024-05-06T15:52:57 JST" name="Default test" finished-at="2024-05-06T15:53:03 JST" duration-ms="6288">
      <class name="seleniumTests.launchPasha">
        <test-method signature="launchTest()[pri:0, instance:seleniumTests.launchPasha@77fbd92c]" started-at="2024-05-06T15:52:57 JST" name="launchTest" finished-at="2024-05-06T15:53:03 JST" duration-ms="6259" status="PASS">
          <reporter-output>
          </reporter-output>
        </test-method> <!-- launchTest -->
      </class> <!-- seleniumTests.launchPasha -->
    </test> <!-- Default test -->
  </suite> <!-- Default suite -->
</testng-results>
